This is pdfTeX, Version 3.141592653-2.6-1.40.27 (MiKTeX 25.4) (preloaded format=pdflatex 2025.10.14)  29 JUN 2026 09:37
entering extended mode
 restricted \write18 enabled.
 file:line:error style messages enabled.
 %&-line parsing enabled.
**"c:/Users/valer/Desktop/UNIVERSITA/PoliMi/Numerical analysis for machine learning/Project/report/report.tex"
(c:/Users/valer/Desktop/UNIVERSITA/PoliMi/Numerical analysis for machine learning/Project/report/report.tex
LaTeX2e <2025-06-01> patch level 1
L3 programming layer <2025-09-02>
(Configuration_Files/PoliMi3i_thesis.cls
Document Class: Configuration_Files/PoliMi3i_thesis 2021/6/30 PoliMi3i thesis submission class
(C:\Users\valer\AppData\Local\Programs\MiKTeX\tex/latex/base\book.cls
Document Class: book 2025/01/22 v1.4n Standard LaTeX document class
(C:\Users\valer\AppData\Local\Programs\MiKTeX\tex/latex/base\bk12.clo
File: bk12.clo 2025/01/22 v1.4n Standard LaTeX file (size option)
)
\c@part=\count275
\c@chapter=\count276
\c@section=\count277
\c@subsection=\count278
\c@subsubsection=\count279
\c@paragraph=\count280
\c@subparagraph=\count281
\c@figure=\count282
\c@table=\count283
\abovecaptionskip=\skip49
\belowcaptionskip=\skip50
\bibindent=\dimen148
) (C:\Users\valer\AppData\Local\Programs\MiKTeX\tex/latex/geometry\geometry.sty
Package: geometry 2020/01/02 v5.9 Page Geometry
 (C:\Users\valer\AppData\Local\Programs\MiKTeX\tex/latex/graphics\keyval.sty
Package: keyval 2022/05/29 v1.15 key=value parser (DPC)
\KV@toks@=\toks17
) (C:\Users\valer\AppData\Local\Programs\MiKTeX\tex/generic/iftex\ifvtex.sty
Package: ifvtex 2019/10/25 v1.7 ifvtex legacy package. Use iftex instead.
 (C:\Users\valer\AppData\Local\Programs\MiKTeX\tex/generic/iftex\iftex.sty
Package: iftex 2024/12/12 v1.0g TeX engine tests
))
\Gm@cnth=\count284
\Gm@cntv=\count285
\c@Gm@tempcnt=\count286
\Gm@bindingoffset=\dimen149
\Gm@wd@mp=\dimen150
\Gm@odd@mp=\dimen151
\Gm@even@mp=\dimen152
\Gm@layoutwidth=\dimen153
\Gm@layoutheight=\dimen154
\Gm@layouthoffset=\dimen155
\Gm@layoutvoffset=\dimen156
\Gm@dimlist=\toks18
 (C:\Users\valer\AppData\Local\Programs\MiKTeX\tex/latex/geometry\geometry.cfg)) (C:\Users\valer\AppData\Local\Programs\MiKTeX\tex/latex/caption\caption.sty
Package: caption 2023/08/05 v3.6o Customizing captions (AR)
 (C:\Users\valer\AppData\Local\Programs\MiKTeX\tex/latex/caption\caption3.sty
Package: caption3 2023/07/31 v2.4d caption3 kernel (AR)
\caption@tempdima=\dimen157
\captionmargin=\dimen158
\caption@leftmargin=\dimen159
\caption@rightmargin=\dimen160
\caption@width=\dimen161
\caption@indent=\dimen162
\caption@parindent=\dimen163
\caption@hangindent=\dimen164
Package caption Info: Standard document class detected.
)
\c@caption@flags=\count287
\c@continuedfloat=\count288
) (C:\Users\valer\AppData\Local\Programs\MiKTeX\tex/latex/xkeyval\xkeyval.sty
Package: xkeyval 2022/06/16 v2.9 package option processing (HA)
 (C:\Users\valer\AppData\Local\Programs\MiKTeX\tex/generic/xkeyval\xkeyval.tex (C:\Users\valer\AppData\Local\Programs\MiKTeX\tex/generic/xkeyval\xkvutils.tex
\XKV@toks=\toks19
\XKV@tempa@toks=\toks20
)
\XKV@depth=\count289
File: xkeyval.tex 2014/12/03 v2.7a key=value parser (HA)
))) (C:\Users\valer\AppData\Local\Programs\MiKTeX\tex/latex/parskip\parskip.sty
Package: parskip 2021-03-14 v2.0h non-zero parskip adjustments
 (C:\Users\valer\AppData\Local\Programs\MiKTeX\tex/latex/kvoptions\kvoptions.sty
Package: kvoptions 2022-06-15 v3.15 Key value format for package options (HO)
 (C:\Users\valer\AppData\Local\Programs\MiKTeX\tex/generic/ltxcmds\ltxcmds.sty
Package: ltxcmds 2023-12-04 v1.26 LaTeX kernel commands for general use (HO)
) (C:\Users\valer\AppData\Local\Programs\MiKTeX\tex/latex/kvsetkeys\kvsetkeys.sty
Package: kvsetkeys 2022-10-05 v1.19 Key value parser (HO)
)) (C:\Users\valer\AppData\Local\Programs\MiKTeX\tex/latex/etoolbox\etoolbox.sty
Package: etoolbox 2025/10/02 v2.5m e-TeX tools for LaTeX (JAW)
\etb@tempcnta=\count290
)) (C:\Users\valer\AppData\Local\Programs\MiKTeX\tex/latex/setspace\setspace.sty
Package: setspace 2022/12/04 v6.7b set line spacing
) (C:\Users\valer\AppData\Local\Programs\MiKTeX\tex/latex/emptypage\emptypage.sty
Package: emptypage 2010/05/30 v1.2 Suppress page numbers and headings on empty pages
) (C:\Users\valer\AppData\Local\Programs\MiKTeX\tex/latex/tools\multicol.sty
Package: multicol 2025/05/25 v2.0a multicolumn formatting (FMi)
\c@tracingmulticols=\count291
\mult@box=\box53
\multicol@leftmargin=\dimen165
\c@unbalance=\count292
\c@collectmore=\count293
\doublecol@number=\count294
\multicoltolerance=\count295
\multicolpretolerance=\count296
\full@width=\dimen166
\page@free=\dimen167
\premulticols=\dimen168
\postmulticols=\dimen169
\multicolsep=\skip51
\multicolbaselineskip=\skip52
\partial@page=\box54
\last@line=\box55
\mc@boxedresult=\box56
\maxbalancingoverflow=\dimen170
\mult@rightbox=\box57
\mult@grightbox=\box58
\mult@firstbox=\box59
\mult@gfirstbox=\box60
\@tempa=\box61
\@tempa=\box62
\@tempa=\box63
\@tempa=\box64
\@tempa=\box65
\@tempa=\box66
\@tempa=\box67
\@tempa=\box68
\@tempa=\box69
\@tempa=\box70
\@tempa=\box71
\@tempa=\box72
\@tempa=\box73
\@tempa=\box74
\@tempa=\box75
\@tempa=\box76
\@tempa=\box77
\@tempa=\box78
\@tempa=\box79
\@tempa=\box80
\@tempa=\box81
\@tempa=\box82
\@tempa=\box83
\@tempa=\box84
\@tempa=\box85
\@tempa=\box86
\@tempa=\box87
\@tempa=\box88
\@tempa=\box89
\@tempa=\box90
\@tempa=\box91
\@tempa=\box92
\@tempa=\box93
\@tempa=\box94
\@tempa=\box95
\@tempa=\box96
\c@minrows=\count297
\c@columnbadness=\count298
\c@finalcolumnbadness=\count299
\last@try=\dimen171
\multicolovershoot=\dimen172
\multicolundershoot=\dimen173
\mult@nat@firstbox=\box97
\colbreak@box=\box98
\mc@col@check@num=\count300
\g__mc_curr_col_int=\count301
) (C:\Users\valer\AppData\Local\Programs\MiKTeX\tex/latex/titlesec\titlesec.sty
Package: titlesec 2025/01/04 v2.17 Sectioning titles
\ttl@box=\box99
\beforetitleunit=\skip53
\aftertitleunit=\skip54
\ttl@plus=\dimen174
\ttl@minus=\dimen175
\ttl@toksa=\toks21
\titlewidth=\dimen176
\titlewidthlast=\dimen177
\titlewidthfirst=\dimen178
) (C:\Users\valer\AppData\Local\Programs\MiKTeX\tex/latex/graphics\color.sty
Package: color 2025/01/14 v1.3e Standard LaTeX Color (DPC)
 (C:\Users\valer\AppData\Local\Programs\MiKTeX\tex/latex/graphics-cfg\color.cfg
File: color.cfg 2016/01/02 v1.6 sample color configuration
)
Package color Info: Driver file: pdftex.def on input line 149.
 (C:\Users\valer\AppData\Local\Programs\MiKTeX\tex/latex/graphics-def\pdftex.def
File: pdftex.def 2025/09/29 v1.2d Graphics/color driver for pdftex
) (C:\Users\valer\AppData\Local\Programs\MiKTeX\tex/latex/graphics\mathcolor.ltx)) (C:\Users\valer\AppData\Local\Programs\MiKTeX\tex/generic/babel\babel.sty
Package: babel 2025/10/01 v25.13 The multilingual framework for LuaLaTeX, pdfLaTeX and XeLaTeX
\babel@savecnt=\count302
LaTeX Encoding Info:    Redeclaring text command \ij (encoding OT1) on input line 2045.
LaTeX Encoding Info:    Redeclaring text command \IJ (encoding OT1) on input line 2047.
LaTeX Encoding Info:    Redeclaring text command \ij (encoding T1) on input line 2049.
LaTeX Encoding Info:    Redeclaring text command \IJ (encoding T1) on input line 2050.
LaTeX Encoding Info:    Ignoring declaration for text command \ij (encoding ?) on input line 2051.
LaTeX Encoding Info:    Ignoring declaration for text command \IJ (encoding ?) on input line 2053.
LaTeX Encoding Info:    Ignoring declaration for text command \SS (encoding ?) on input line 2078.
\U@D=\dimen179
\l@unhyphenated=\language79
 (C:\Users\valer\AppData\Local\Programs\MiKTeX\tex/generic/babel\txtbabel.def)
\bbl@readstream=\read2
\bbl@dirlevel=\count303

*************************************
* Local config file bblopts.cfg used
*
(C:\Users\valer\AppData\Local\Programs\MiKTeX\tex/latex/arabi\bblopts.cfg
File: bblopts.cfg 2005/09/08 v0.1 add Arabic and Farsi to "declared" options of babel
) (C:\Users\valer\AppData\Local\Programs\MiKTeX\tex/latex/babel-english\english.ldf
Language: english 2017/06/06 v3.3r English support from the babel system
 (C:\Users\valer\AppData\Local\Programs\MiKTeX\tex/generic/babel/locale/en\babel-english.tex
Package babel Info: Importing font and identification data for english
(babel)             from babel-en.ini. Reported on input line 12.
)
Package babel Info: Hyphen rules for 'canadian' set to \l@english
(babel)             (\language0). Reported on input line 102.
Package babel Info: Hyphen rules for 'australian' set to \l@ukenglish
(babel)             (\language73). Reported on input line 105.
Package babel Info: Hyphen rules for 'newzealand' set to \l@ukenglish
(babel)             (\language73). Reported on input line 108.
)) (C:\Users\valer\AppData\Local\Programs\MiKTeX\tex/latex/base\inputenc.sty
Package: inputenc 2024/02/08 v1.3d Input encoding file
\inpenc@prehook=\toks22
\inpenc@posthook=\toks23
) (C:\Users\valer\AppData\Local\Programs\MiKTeX\tex/latex/base\fontenc.sty
Package: fontenc 2024/12/21 v2.1c Standard LaTeX package
) (C:\Users\valer\AppData\Local\Programs\MiKTeX\tex/latex/moresize\moresize.sty
Package: moresize 1999/07/26 v1.9 (more font sizes)
) (C:\Users\valer\AppData\Local\Programs\MiKTeX\tex/latex/graphics\graphicx.sty
Package: graphicx 2024/12/31 v1.2e Enhanced LaTeX Graphics (DPC,SPQR)
 (C:\Users\valer\AppData\Local\Programs\MiKTeX\tex/latex/graphics\graphics.sty
Package: graphics 2024/08/06 v1.4g Standard LaTeX Graphics (DPC,SPQR)
 (C:\Users\valer\AppData\Local\Programs\MiKTeX\tex/latex/graphics\trig.sty
Package: trig 2023/12/02 v1.11 sin cos tan (DPC)
) (C:\Users\valer\AppData\Local\Programs\MiKTeX\tex/latex/graphics-cfg\graphics.cfg
File: graphics.cfg 2016/06/04 v1.11 sample graphics configuration
)
Package graphics Info: Driver file: pdftex.def on input line 106.
)
\Gin@req@height=\dimen180
\Gin@req@width=\dimen181
) (C:\Users\valer\AppData\Local\Programs\MiKTeX\tex/latex/svg\svg.sty
Package: svg 2020/11/26 v2.02k (include SVG pictures)
 (C:\Users\valer\AppData\Local\Programs\MiKTeX\tex/latex/koma-script\scrbase.sty
Package: scrbase 2026/02/02 v3.49.2 KOMA-Script package (KOMA-Script-independent basics and keyval usage)
 (C:\Users\valer\AppData\Local\Programs\MiKTeX\tex/latex/koma-script\scrlfile.sty
Package: scrlfile 2026/02/02 v3.49.2 KOMA-Script package (file load hooks)
 (C:\Users\valer\AppData\Local\Programs\MiKTeX\tex/latex/koma-script\scrlfile-hook.sty
Package: scrlfile-hook 2026/02/02 v3.49.2 KOMA-Script package (using LaTeX hooks)
 (C:\Users\valer\AppData\Local\Programs\MiKTeX\tex/latex/koma-script\scrlogo.sty
Package: scrlogo 2026/02/02 v3.49.2 KOMA-Script package (logo)
)))
Applying: [2021/05/01] Usage of raw or classic option list on input line 254.
Already applied: [0000/00/00] Usage of raw or classic option list on input line 370.
) (C:\Users\valer\AppData\Local\Programs\MiKTeX\tex/generic/pdftexcmds\pdftexcmds.sty
Package: pdftexcmds 2020-06-27 v0.33 Utility functions of pdfTeX for LuaTeX (HO)
 (C:\Users\valer\AppData\Local\Programs\MiKTeX\tex/generic/infwarerr\infwarerr.sty
Package: infwarerr 2019/12/03 v1.5 Providing info/warning/error messages (HO)
)
Package pdftexcmds Info: \pdf@primitive is available.
Package pdftexcmds Info: \pdf@ifprimitive is available.
Package pdftexcmds Info: \pdfdraftmode found.
) (C:\Users\valer\AppData\Local\Programs\MiKTeX\tex/latex/trimspaces\trimspaces.sty
Package: trimspaces 2009/09/17 v1.1 Trim spaces around a token list
) (C:\Users\valer\AppData\Local\Programs\MiKTeX\tex/latex/tools\shellesc.sty
Package: shellesc 2023/07/08 v1.0d unified shell escape interface for LaTeX
Package shellesc Info: Restricted shell escape enabled on input line 77.
)
\c@svg@param@lastpage=\count304
\svg@box=\box100
\c@svg@param@currpage=\count305
) (C:\Users\valer\AppData\Local\Programs\MiKTeX\tex/latex/xcolor\xcolor.sty
Package: xcolor 2024/09/29 v3.02 LaTeX color extensions (UK)
 (C:\Users\valer\AppData\Local\Programs\MiKTeX\tex/latex/graphics-cfg\color.cfg
File: color.cfg 2016/01/02 v1.6 sample color configuration
)
Package xcolor Info: Driver file: pdftex.def on input line 274.
LaTeX Info: Redefining \color on input line 762.
 (C:\Users\valer\AppData\Local\Programs\MiKTeX\tex/latex/graphics\mathcolor.ltx)
Package xcolor Info: Model `cmy' substituted by `cmy0' on input line 1349.
Package xcolor Info: Model `hsb' substituted by `rgb' on input line 1353.
Package xcolor Info: Model `RGB' extended on input line 1365.
Package xcolor Info: Model `HTML' substituted by `rgb' on input line 1367.
Package xcolor Info: Model `Hsb' substituted by `hsb' on input line 1368.
Package xcolor Info: Model `tHsb' substituted by `hsb' on input line 1369.
Package xcolor Info: Model `HSB' substituted by `hsb' on input line 1370.
Package xcolor Info: Model `Gray' substituted by `gray' on input line 1371.
Package xcolor Info: Model `wave' substituted by `hsb' on input line 1372.
) (C:\Users\valer\AppData\Local\Programs\MiKTeX\tex/latex/transparent\transparent.sty
Package: transparent 2025-06-23 v1.6 Transparency with color stacks
 (C:\Users\valer\AppData\Local\Programs\MiKTeX\tex/latex/transparent\transparent-nometadata.sty
Package: transparent-nometadata 2025-06-23 v1.6 Transparency via pdfTeX's color stack (HO)
 (C:\Users\valer\AppData\Local\Programs\MiKTeX\tex/latex/auxhook\auxhook.sty
Package: auxhook 2019-12-17 v1.6 Hooks for auxiliary files (HO)
))) (C:\Users\valer\AppData\Local\Programs\MiKTeX\tex/latex/pgf/systemlayer\pgfsys.sty (C:\Users\valer\AppData\Local\Programs\MiKTeX\tex/latex/pgf/utilities\pgfrcs.sty (C:\Users\valer\AppData\Local\Programs\MiKTeX\tex/generic/pgf/utilities\pgfutil-common.tex
\pgfutil@everybye=\toks24
\pgfutil@tempdima=\dimen182
\pgfutil@tempdimb=\dimen183
) (C:\Users\valer\AppData\Local\Programs\MiKTeX\tex/generic/pgf/utilities\pgfutil-latex.def
\pgfutil@abb=\box101
) (C:\Users\valer\AppData\Local\Programs\MiKTeX\tex/generic/pgf/utilities\pgfrcs.code.tex (C:\Users\valer\AppData\Local\Programs\MiKTeX\tex/generic/pgf\pgf.revision.tex)
Package: pgfrcs 2025-08-29 v3.1.11a (3.1.11a)
)) (C:\Users\valer\AppData\Local\Programs\MiKTeX\tex/generic/pgf/systemlayer\pgfsys.code.tex
Package: pgfsys 2025-08-29 v3.1.11a (3.1.11a)
 (C:\Users\valer\AppData\Local\Programs\MiKTeX\tex/generic/pgf/utilities\pgfkeys.code.tex
\pgfkeys@pathtoks=\toks25
\pgfkeys@temptoks=\toks26
 (C:\Users\valer\AppData\Local\Programs\MiKTeX\tex/generic/pgf/utilities\pgfkeyslibraryfiltered.code.tex
\pgfkeys@tmptoks=\toks27
))
\pgf@x=\dimen184
\pgf@y=\dimen185
\pgf@xa=\dimen186
\pgf@ya=\dimen187
\pgf@xb=\dimen188
\pgf@yb=\dimen189
\pgf@xc=\dimen190
\pgf@yc=\dimen191
\pgf@xd=\dimen192
\pgf@yd=\dimen193
\w@pgf@writea=\write3
\r@pgf@reada=\read3
\c@pgf@counta=\count306
\c@pgf@countb=\count307
\c@pgf@countc=\count308
\c@pgf@countd=\count309
\t@pgf@toka=\toks28
\t@pgf@tokb=\toks29
\t@pgf@tokc=\toks30
\pgf@sys@id@count=\count310
 (C:\Users\valer\AppData\Local\Programs\MiKTeX\tex/generic/pgf/systemlayer\pgf.cfg
File: pgf.cfg 2025-08-29 v3.1.11a (3.1.11a)
)
Driver file for pgf: pgfsys-pdftex.def
 (C:\Users\valer\AppData\Local\Programs\MiKTeX\tex/generic/pgf/systemlayer\pgfsys-pdftex.def
File: pgfsys-pdftex.def 2025-08-29 v3.1.11a (3.1.11a)
 (C:\Users\valer\AppData\Local\Programs\MiKTeX\tex/generic/pgf/systemlayer\pgfsys-common-pdf.def
File: pgfsys-common-pdf.def 2025-08-29 v3.1.11a (3.1.11a)
))) (C:\Users\valer\AppData\Local\Programs\MiKTeX\tex/generic/pgf/systemlayer\pgfsyssoftpath.code.tex
File: pgfsyssoftpath.code.tex 2025-08-29 v3.1.11a (3.1.11a)
\pgfsyssoftpath@smallbuffer@items=\count311
\pgfsyssoftpath@bigbuffer@items=\count312
) (C:\Users\valer\AppData\Local\Programs\MiKTeX\tex/generic/pgf/systemlayer\pgfsysprotocol.code.tex
File: pgfsysprotocol.code.tex 2025-08-29 v3.1.11a (3.1.11a)
)) (C:\Users\valer\AppData\Local\Programs\MiKTeX\tex/latex/eso-pic\eso-pic.sty
Package: eso-pic 2026/05/31 v3.0e eso-pic (RN)
\ESO@tempdima=\dimen194
\ESO@tempdimb=\dimen195
) (C:\Users\valer\AppData\Local\Programs\MiKTeX\tex/latex/adjustbox\adjustbox.sty
Package: adjustbox 2025/02/26 v1.3c Adjusting TeX boxes (trim, clip, ...)
 (C:\Users\valer\AppData\Local\Programs\MiKTeX\tex/latex/adjustbox\adjcalc.sty
Package: adjcalc 2012/05/16 v1.1 Provides advanced setlength with multiple back-ends (calc, etex, pgfmath)
) (C:\Users\valer\AppData\Local\Programs\MiKTeX\tex/latex/adjustbox\trimclip.sty
Package: trimclip 2025/02/21 v1.2a Trim and clip general TeX material
 (C:\Users\valer\AppData\Local\Programs\MiKTeX\tex/latex/collectbox\collectbox.sty
Package: collectbox 2022/10/17 v0.4c Collect macro arguments as boxes
\collectedbox=\box102
)
\tc@llx=\dimen196
\tc@lly=\dimen197
\tc@urx=\dimen198
\tc@ury=\dimen199
Package trimclip Info: Using driver 'tc-pdftex.def'.
 (C:\Users\valer\AppData\Local\Programs\MiKTeX\tex/latex/adjustbox\tc-pdftex.def
File: tc-pdftex.def 2025/02/26 v2.3 Clipping driver for pdftex
))
\adjbox@Width=\dimen256
\adjbox@Height=\dimen257
\adjbox@Depth=\dimen258
\adjbox@Totalheight=\dimen259
\adjbox@pwidth=\dimen260
\adjbox@pheight=\dimen261
\adjbox@pdepth=\dimen262
\adjbox@ptotalheight=\dimen263
 (C:\Users\valer\AppData\Local\Programs\MiKTeX\tex/latex/ifoddpage\ifoddpage.sty
Package: ifoddpage 2022/10/18 v1.2 Conditionals for odd/even page detection
\c@checkoddpage=\count313
) (C:\Users\valer\AppData\Local\Programs\MiKTeX\tex/latex/varwidth\varwidth.sty
Package: varwidth 2009/03/30 ver 0.92;  Variable-width minipages
\@vwid@box=\box103
\sift@deathcycles=\count314
\@vwid@loff=\dimen264
\@vwid@roff=\dimen265
)
==> First Aid for varwidth.sty applied!
) (C:\Users\valer\AppData\Local\Programs\MiKTeX\tex/latex/pgf/frontendlayer\tikz.sty (C:\Users\valer\AppData\Local\Programs\MiKTeX\tex/latex/pgf/basiclayer\pgf.sty
Package: pgf 2025-08-29 v3.1.11a (3.1.11a)
 (C:\Users\valer\AppData\Local\Programs\MiKTeX\tex/latex/pgf/basiclayer\pgfcore.sty (C:\Users\valer\AppData\Local\Programs\MiKTeX\tex/generic/pgf/basiclayer\pgfcore.code.tex
Package: pgfcore 2025-08-29 v3.1.11a (3.1.11a)
 (C:\Users\valer\AppData\Local\Programs\MiKTeX\tex/generic/pgf/math\pgfmath.code.tex (C:\Users\valer\AppData\Local\Programs\MiKTeX\tex/generic/pgf/math\pgfmathutil.code.tex) (C:\Users\valer\AppData\Local\Programs\MiKTeX\tex/generic/pgf/math\pgfmathparser.code.tex
\pgfmath@dimen=\dimen266
\pgfmath@count=\count315
\pgfmath@box=\box104
\pgfmath@toks=\toks31
\pgfmath@stack@operand=\toks32
\pgfmath@stack@operation=\toks33
) (C:\Users\valer\AppData\Local\Programs\MiKTeX\tex/generic/pgf/math\pgfmathfunctions.code.tex) (C:\Users\valer\AppData\Local\Programs\MiKTeX\tex/generic/pgf/math\pgfmathfunctions.basic.code.tex) (C:\Users\valer\AppData\Local\Programs\MiKTeX\tex/generic/pgf/math\pgfmathfunctions.trigonometric.code.tex) (C:\Users\valer\AppData\Local\Programs\MiKTeX\tex/generic/pgf/math\pgfmathfunctions.random.code.tex) (C:\Users\valer\AppData\Local\Programs\MiKTeX\tex/generic/pgf/math\pgfmathfunctions.comparison.code.tex) (C:\Users\valer\AppData\Local\Programs\MiKTeX\tex/generic/pgf/math\pgfmathfunctions.base.code.tex) (C:\Users\valer\AppData\Local\Programs\MiKTeX\tex/generic/pgf/math\pgfmathfunctions.round.code.tex) (C:\Users\valer\AppData\Local\Programs\MiKTeX\tex/generic/pgf/math\pgfmathfunctions.misc.code.tex) (C:\Users\valer\AppData\Local\Programs\MiKTeX\tex/generic/pgf/math\pgfmathfunctions.integerarithmetics.code.tex) (C:\Users\valer\AppData\Local\Programs\MiKTeX\tex/generic/pgf/math\pgfmathcalc.code.tex) (C:\Users\valer\AppData\Local\Programs\MiKTeX\tex/generic/pgf/math\pgfmathfloat.code.tex
\c@pgfmathroundto@lastzeros=\count316
)) (C:\Users\valer\AppData\Local\Programs\MiKTeX\tex/generic/pgf/math\pgfint.code.tex) (C:\Users\valer\AppData\Local\Programs\MiKTeX\tex/generic/pgf/basiclayer\pgfcorepoints.code.tex
File: pgfcorepoints.code.tex 2025-08-29 v3.1.11a (3.1.11a)
\pgf@picminx=\dimen267
\pgf@picmaxx=\dimen268
\pgf@picminy=\dimen269
\pgf@picmaxy=\dimen270
\pgf@pathminx=\dimen271
\pgf@pathmaxx=\dimen272
\pgf@pathminy=\dimen273
\pgf@pathmaxy=\dimen274
\pgf@xx=\dimen275
\pgf@xy=\dimen276
\pgf@yx=\dimen277
\pgf@yy=\dimen278
\pgf@zx=\dimen279
\pgf@zy=\dimen280
) (C:\Users\valer\AppData\Local\Programs\MiKTeX\tex/generic/pgf/basiclayer\pgfcorepathconstruct.code.tex
File: pgfcorepathconstruct.code.tex 2025-08-29 v3.1.11a (3.1.11a)
\pgf@path@lastx=\dimen281
\pgf@path@lasty=\dimen282
) (C:\Users\valer\AppData\Local\Programs\MiKTeX\tex/generic/pgf/basiclayer\pgfcorepathusage.code.tex
File: pgfcorepathusage.code.tex 2025-08-29 v3.1.11a (3.1.11a)
\pgf@shorten@end@additional=\dimen283
\pgf@shorten@start@additional=\dimen284
) (C:\Users\valer\AppData\Local\Programs\MiKTeX\tex/generic/pgf/basiclayer\pgfcorescopes.code.tex
File: pgfcorescopes.code.tex 2025-08-29 v3.1.11a (3.1.11a)
\pgfpic=\box105
\pgf@hbox=\box106
\pgf@layerbox@main=\box107
\pgf@picture@serial@count=\count317
) (C:\Users\valer\AppData\Local\Programs\MiKTeX\tex/generic/pgf/basiclayer\pgfcoregraphicstate.code.tex
File: pgfcoregraphicstate.code.tex 2025-08-29 v3.1.11a (3.1.11a)
\pgflinewidth=\dimen285
) (C:\Users\valer\AppData\Local\Programs\MiKTeX\tex/generic/pgf/basiclayer\pgfcoretransformations.code.tex
File: pgfcoretransformations.code.tex 2025-08-29 v3.1.11a (3.1.11a)
\pgf@pt@x=\dimen286
\pgf@pt@y=\dimen287
\pgf@pt@temp=\dimen288
) (C:\Users\valer\AppData\Local\Programs\MiKTeX\tex/generic/pgf/basiclayer\pgfcorequick.code.tex
File: pgfcorequick.code.tex 2025-08-29 v3.1.11a (3.1.11a)
) (C:\Users\valer\AppData\Local\Programs\MiKTeX\tex/generic/pgf/basiclayer\pgfcoreobjects.code.tex
File: pgfcoreobjects.code.tex 2025-08-29 v3.1.11a (3.1.11a)
) (C:\Users\valer\AppData\Local\Programs\MiKTeX\tex/generic/pgf/basiclayer\pgfcorepathprocessing.code.tex
File: pgfcorepathprocessing.code.tex 2025-08-29 v3.1.11a (3.1.11a)
) (C:\Users\valer\AppData\Local\Programs\MiKTeX\tex/generic/pgf/basiclayer\pgfcorearrows.code.tex
File: pgfcorearrows.code.tex 2025-08-29 v3.1.11a (3.1.11a)
\pgfarrowsep=\dimen289
) (C:\Users\valer\AppData\Local\Programs\MiKTeX\tex/generic/pgf/basiclayer\pgfcoreshade.code.tex
File: pgfcoreshade.code.tex 2025-08-29 v3.1.11a (3.1.11a)
\pgf@max=\dimen290
\pgf@sys@shading@range@num=\count318
\pgf@shadingcount=\count319
) (C:\Users\valer\AppData\Local\Programs\MiKTeX\tex/generic/pgf/basiclayer\pgfcoreimage.code.tex
File: pgfcoreimage.code.tex 2025-08-29 v3.1.11a (3.1.11a)
) (C:\Users\valer\AppData\Local\Programs\MiKTeX\tex/generic/pgf/basiclayer\pgfcoreexternal.code.tex
File: pgfcoreexternal.code.tex 2025-08-29 v3.1.11a (3.1.11a)
\pgfexternal@startupbox=\box108
) (C:\Users\valer\AppData\Local\Programs\MiKTeX\tex/generic/pgf/basiclayer\pgfcorelayers.code.tex
File: pgfcorelayers.code.tex 2025-08-29 v3.1.11a (3.1.11a)
) (C:\Users\valer\AppData\Local\Programs\MiKTeX\tex/generic/pgf/basiclayer\pgfcoretransparency.code.tex
File: pgfcoretransparency.code.tex 2025-08-29 v3.1.11a (3.1.11a)
) (C:\Users\valer\AppData\Local\Programs\MiKTeX\tex/generic/pgf/basiclayer\pgfcorepatterns.code.tex
File: pgfcorepatterns.code.tex 2025-08-29 v3.1.11a (3.1.11a)
) (C:\Users\valer\AppData\Local\Programs\MiKTeX\tex/generic/pgf/basiclayer\pgfcorerdf.code.tex
File: pgfcorerdf.code.tex 2025-08-29 v3.1.11a (3.1.11a)
))) (C:\Users\valer\AppData\Local\Programs\MiKTeX\tex/generic/pgf/modules\pgfmoduleshapes.code.tex
File: pgfmoduleshapes.code.tex 2025-08-29 v3.1.11a (3.1.11a)
\pgfnodeparttextbox=\box109
) (C:\Users\valer\AppData\Local\Programs\MiKTeX\tex/generic/pgf/modules\pgfmoduleplot.code.tex
File: pgfmoduleplot.code.tex 2025-08-29 v3.1.11a (3.1.11a)
) (C:\Users\valer\AppData\Local\Programs\MiKTeX\tex/latex/pgf/compatibility\pgfcomp-version-0-65.sty
Package: pgfcomp-version-0-65 2025-08-29 v3.1.11a (3.1.11a)
\pgf@nodesepstart=\dimen291
\pgf@nodesepend=\dimen292
) (C:\Users\valer\AppData\Local\Programs\MiKTeX\tex/latex/pgf/compatibility\pgfcomp-version-1-18.sty
Package: pgfcomp-version-1-18 2025-08-29 v3.1.11a (3.1.11a)
)) (C:\Users\valer\AppData\Local\Programs\MiKTeX\tex/latex/pgf/utilities\pgffor.sty (C:\Users\valer\AppData\Local\Programs\MiKTeX\tex/latex/pgf/utilities\pgfkeys.sty (C:\Users\valer\AppData\Local\Programs\MiKTeX\tex/generic/pgf/utilities\pgfkeys.code.tex)) (C:\Users\valer\AppData\Local\Programs\MiKTeX\tex/latex/pgf/math\pgfmath.sty (C:\Users\valer\AppData\Local\Programs\MiKTeX\tex/generic/pgf/math\pgfmath.code.tex)) (C:\Users\valer\AppData\Local\Programs\MiKTeX\tex/generic/pgf/utilities\pgffor.code.tex
Package: pgffor 2025-08-29 v3.1.11a (3.1.11a)
\pgffor@iter=\dimen293
\pgffor@skip=\dimen294
\pgffor@stack=\toks34
\pgffor@toks=\toks35
)) (C:\Users\valer\AppData\Local\Programs\MiKTeX\tex/generic/pgf/frontendlayer/tikz\tikz.code.tex
Package: tikz 2025-08-29 v3.1.11a (3.1.11a)
 (C:\Users\valer\AppData\Local\Programs\MiKTeX\tex/generic/pgf/libraries\pgflibraryplothandlers.code.tex
File: pgflibraryplothandlers.code.tex 2025-08-29 v3.1.11a (3.1.11a)
\pgf@plot@mark@count=\count320
\pgfplotmarksize=\dimen295
)
\tikz@lastx=\dimen296
\tikz@lasty=\dimen297
\tikz@lastxsaved=\dimen298
\tikz@lastysaved=\dimen299
\tikz@lastmovetox=\dimen300
\tikz@lastmovetoy=\dimen301
\tikzleveldistance=\dimen302
\tikzsiblingdistance=\dimen303
\tikz@figbox=\box110
\tikz@figbox@bg=\box111
\tikz@tempbox=\box112
\tikz@tempbox@bg=\box113
\tikztreelevel=\count321
\tikznumberofchildren=\count322
\tikznumberofcurrentchild=\count323
\tikz@fig@count=\count324
 (C:\Users\valer\AppData\Local\Programs\MiKTeX\tex/generic/pgf/modules\pgfmodulematrix.code.tex
File: pgfmodulematrix.code.tex 2025-08-29 v3.1.11a (3.1.11a)
\pgfmatrixcurrentrow=\count325
\pgfmatrixcurrentcolumn=\count326
\pgf@matrix@numberofcolumns=\count327
)
\tikz@expandcount=\count328
 (C:\Users\valer\AppData\Local\Programs\MiKTeX\tex/generic/pgf/frontendlayer/tikz/libraries\tikzlibrarytopaths.code.tex
File: tikzlibrarytopaths.code.tex 2025-08-29 v3.1.11a (3.1.11a)
))) (C:\Users\valer\AppData\Local\Programs\MiKTeX\tex/latex/caption\subcaption.sty
Package: subcaption 2023/07/28 v1.6b Sub-captions (AR)
Package caption Info: New subtype `subfigure' on input line 238.
\c@subfigure=\count329
Package caption Info: New subtype `subtable' on input line 238.
\c@subtable=\count330
) (C:\Users\valer\AppData\Local\Programs\MiKTeX\tex/latex/amscls\amsthm.sty
Package: amsthm 2020/05/29 v2.20.6
\thm@style=\toks36
\thm@bodyfont=\toks37
\thm@headfont=\toks38
\thm@notefont=\toks39
\thm@headpunct=\toks40
\thm@preskip=\skip55
\thm@postskip=\skip56
\thm@headsep=\skip57
\dth@everypar=\toks41
) (C:\Users\valer\AppData\Local\Programs\MiKTeX\tex/latex/thmtools\thmtools.sty
Package: thmtools 2023/05/04 v0.76
\thmt@toks=\toks42
\c@thmt@dummyctr=\count331
 (C:\Users\valer\AppData\Local\Programs\MiKTeX\tex/latex/thmtools\thm-patch.sty
Package: thm-patch 2023/05/04 v0.76
 (C:\Users\valer\AppData\Local\Programs\MiKTeX\tex/latex/thmtools\parseargs.sty
Package: parseargs 2023/05/04 v0.76
\@parsespec=\toks43
)) (C:\Users\valer\AppData\Local\Programs\MiKTeX\tex/latex/thmtools\thm-kv.sty
Package: thm-kv 2023/05/04 v0.76
Package thm-kv Info: Theorem names will be uppercased on input line 42.
Package thm-kv Info: kvsetkeys patch (v1.16 or later) on input line 158.
) (C:\Users\valer\AppData\Local\Programs\MiKTeX\tex/latex/thmtools\thm-autoref.sty
Package: thm-autoref 2023/05/04 v0.76
 (C:\Users\valer\AppData\Local\Programs\MiKTeX\tex/latex/thmtools\aliasctr.sty
Package: aliasctr 2023/05/04 v0.76
)) (C:\Users\valer\AppData\Local\Programs\MiKTeX\tex/latex/thmtools\thm-listof.sty
Package: thm-listof 2023/05/04 v0.76
) (C:\Users\valer\AppData\Local\Programs\MiKTeX\tex/latex/thmtools\thm-restate.sty
Package: thm-restate 2023/05/04 v0.76
) (C:\Users\valer\AppData\Local\Programs\MiKTeX\tex/latex/thmtools\thm-amsthm.sty
Package: thm-amsthm 2023/05/04 v0.76
\thmt@style@headstyle=\toks44
)) (C:\Users\valer\AppData\Local\Programs\MiKTeX\tex/latex/float\float.sty
Package: float 2001/11/08 v1.3d Float enhancements (AL)
\c@float@type=\count332
\float@exts=\toks45
\float@box=\box114
\@float@everytoks=\toks46
\@floatcapt=\box115
) (C:\Users\valer\AppData\Local\Programs\MiKTeX\tex/latex/amsmath\amsmath.sty
Package: amsmath 2025/06/16 v2.17y AMS math features
\@mathmargin=\skip58

For additional information on amsmath, use the `?' option.
(C:\Users\valer\AppData\Local\Programs\MiKTeX\tex/latex/amsmath\amstext.sty
Package: amstext 2024/11/17 v2.01 AMS text
 (C:\Users\valer\AppData\Local\Programs\MiKTeX\tex/latex/amsmath\amsgen.sty
File: amsgen.sty 1999/11/30 v2.0 generic functions
\@emptytoks=\toks47
\ex@=\dimen304
)) (C:\Users\valer\AppData\Local\Programs\MiKTeX\tex/latex/amsmath\amsbsy.sty
Package: amsbsy 1999/11/29 v1.2d Bold Symbols
\pmbraise@=\dimen305
) (C:\Users\valer\AppData\Local\Programs\MiKTeX\tex/latex/amsmath\amsopn.sty
Package: amsopn 2022/04/08 v2.04 operator names
)
\inf@bad=\count333
LaTeX Info: Redefining \frac on input line 233.
\uproot@=\count334
\leftroot@=\count335
LaTeX Info: Redefining \overline on input line 398.
LaTeX Info: Redefining \colon on input line 409.
\classnum@=\count336
\DOTSCASE@=\count337
LaTeX Info: Redefining \ldots on input line 495.
LaTeX Info: Redefining \dots on input line 498.
LaTeX Info: Redefining \cdots on input line 619.
\Mathstrutbox@=\box116
\strutbox@=\box117
LaTeX Info: Redefining \big on input line 721.
LaTeX Info: Redefining \Big on input line 722.
LaTeX Info: Redefining \bigg on input line 723.
LaTeX Info: Redefining \Bigg on input line 724.
\big@size=\dimen306
LaTeX Font Info:    Redeclaring font encoding OML on input line 742.
LaTeX Font Info:    Redeclaring font encoding OMS on input line 743.
\macc@depth=\count338
LaTeX Info: Redefining \bmod on input line 904.
LaTeX Info: Redefining \pmod on input line 909.
LaTeX Info: Redefining \smash on input line 939.
LaTeX Info: Redefining \relbar on input line 969.
LaTeX Info: Redefining \Relbar on input line 970.
\c@MaxMatrixCols=\count339
\dotsspace@=\muskip17
\c@parentequation=\count340
\dspbrk@lvl=\count341
\tag@help=\toks48
\row@=\count342
\column@=\count343
\maxfields@=\count344
\andhelp@=\toks49
\eqnshift@=\dimen307
\alignsep@=\dimen308
\tagshift@=\dimen309
\tagwidth@=\dimen310
\totwidth@=\dimen311
\lineht@=\dimen312
\@envbody=\toks50
\multlinegap=\skip59
\multlinetaggap=\skip60
\mathdisplay@stack=\toks51
LaTeX Info: Redefining \[ on input line 2949.
LaTeX Info: Redefining \] on input line 2950.
) (C:\Users\valer\AppData\Local\Programs\MiKTeX\tex/latex/amsfonts\amssymb.sty
Package: amssymb 2013/01/14 v3.01 AMS font symbols
 (C:\Users\valer\AppData\Local\Programs\MiKTeX\tex/latex/amsfonts\amsfonts.sty
Package: amsfonts 2013/01/14 v3.01 Basic AMSFonts support
\symAMSa=\mathgroup4
\symAMSb=\mathgroup5
LaTeX Font Info:    Redeclaring math symbol \hbar on input line 98.
LaTeX Font Info:    Overwriting math alphabet `\mathfrak' in version `bold'
(Font)                  U/euf/m/n --> U/euf/b/n on input line 106.
)) (C:\Users\valer\AppData\Local\Programs\MiKTeX\tex/latex/tools\bm.sty
Package: bm 2023/12/19 v1.2f Bold Symbol Support (DPC/FMi)
\symboldoperators=\mathgroup6
\symboldletters=\mathgroup7
\symboldsymbols=\mathgroup8
Package bm Info: No bold for \OMX/cmex/m/n, using \pmb.
Package bm Info: No bold for \U/msa/m/n, using \pmb.
Package bm Info: No bold for \U/msb/m/n, using \pmb.
LaTeX Font Info:    Redeclaring math alphabet \mathbf on input line 149.
) (C:\Users\valer\AppData\Local\Programs\MiKTeX\tex/latex/cancel\cancel.sty
Package: cancel 2013/04/12 v2.2 Cancel math terms
) (C:\Users\valer\AppData\Local\Programs\MiKTeX\tex/latex/mathtools\empheq.sty
Package: empheq 2024/08/09 v2.17 Emphasizing equations
 (C:\Users\valer\AppData\Local\Programs\MiKTeX\tex/latex/mathtools\mhsetup.sty
Package: mhsetup 2021/03/18 v1.4 programming setup (MH)
) (C:\Users\valer\AppData\Local\Programs\MiKTeX\tex/latex/mathtools\mathtools.sty
Package: mathtools 2024/10/04 v1.31 mathematical typesetting tools
 (C:\Users\valer\AppData\Local\Programs\MiKTeX\tex/latex/tools\calc.sty
Package: calc 2025/03/01 v4.3b Infix arithmetic (KKT,FJ)
\calc@Acount=\count345
\calc@Bcount=\count346
\calc@Adimen=\dimen313
\calc@Bdimen=\dimen314
\calc@Askip=\skip61
\calc@Bskip=\skip62
LaTeX Info: Redefining \setlength on input line 86.
LaTeX Info: Redefining \addtolength on input line 87.
\calc@Ccount=\count347
\calc@Cskip=\skip63
)
\g_MT_multlinerow_int=\count348
\l_MT_multwidth_dim=\dimen315
\origjot=\skip64
\l_MT_shortvdotswithinadjustabove_dim=\dimen316
\l_MT_shortvdotswithinadjustbelow_dim=\dimen317
\l_MT_above_intertext_sep=\dimen318
\l_MT_below_intertext_sep=\dimen319
\l_MT_above_shortintertext_sep=\dimen320
\l_MT_below_shortintertext_sep=\dimen321
\xmathstrut@box=\box118
\xmathstrut@dim=\dimen322
)
\l_EQ_equationtype_int=\count349
\l_EQ_alignmentmode_int=\count350
\l_EQ_totalwidth_dim=\dimen323
\l_EQ_displaywidth_dim=\dimen324
\l_EQ_temp_linewidth_dim=\dimen325
\l_EQ_linewidth_dim=\dimen326
\EmphEqdelimitershortfall=\dimen327
\EmphEqdelimiterfactor=\count351
\g_EQ_toptag_height_dim=\dimen328
\g_EQ_bottomtag_depth_dim=\dimen329
\g_EQ_toprow_height_dim=\dimen330
\g_EQ_bottomrow_depth_dim=\dimen331
\g_EQ_widesttag_dim=\dimen332
\EQ_mathdisplay_box=\box119
\EQ_tag_box=\box120
\g_EQ_temprow_int=\count352
) (C:\Users\valer\AppData\Local\Programs\MiKTeX\tex/latex/base\fix-cm.sty
Package: fix-cm 2020/11/24 v1.1t fixes to LaTeX
 (C:\Users\valer\AppData\Local\Programs\MiKTeX\tex/latex/base\ts1enc.def
File: ts1enc.def 2001/06/05 v3.0e (jk/car/fm) Standard LaTeX file
LaTeX Font Info:    Redeclaring font encoding TS1 on input line 47.
LaTeX Encoding Info:    Redeclaring text command \capitalcedilla (encoding TS1) on input line 49.
LaTeX Encoding Info:    Redeclaring text command \capitalogonek (encoding TS1) on input line 52.
LaTeX Encoding Info:    Redeclaring text command \capitalgrave (encoding TS1) on input line 55.
LaTeX Encoding Info:    Redeclaring text command \capitalacute (encoding TS1) on input line 56.
LaTeX Encoding Info:    Redeclaring text command \capitalcircumflex (encoding TS1) on input line 57.
LaTeX Encoding Info:    Redeclaring text command \capitaltilde (encoding TS1) on input line 58.
LaTeX Encoding Info:    Redeclaring text command \capitaldieresis (encoding TS1) on input line 59.
LaTeX Encoding Info:    Redeclaring text command \capitalhungarumlaut (encoding TS1) on input line 60.
LaTeX Encoding Info:    Redeclaring text command \capitalring (encoding TS1) on input line 61.
LaTeX Encoding Info:    Redeclaring text command \capitalcaron (encoding TS1) on input line 62.
LaTeX Encoding Info:    Redeclaring text command \capitalbreve (encoding TS1) on input line 63.
LaTeX Encoding Info:    Redeclaring text command \capitalmacron (encoding TS1) on input line 64.
LaTeX Encoding Info:    Redeclaring text command \capitaldotaccent (encoding TS1) on input line 65.
LaTeX Encoding Info:    Redeclaring text command \t (encoding TS1) on input line 66.
LaTeX Encoding Info:    Redeclaring text command \capitaltie (encoding TS1) on input line 67.
LaTeX Encoding Info:    Redeclaring text command \newtie (encoding TS1) on input line 68.
LaTeX Encoding Info:    Redeclaring text command \capitalnewtie (encoding TS1) on input line 69.
LaTeX Encoding Info:    Redeclaring text symbol \textcapitalcompwordmark (encoding TS1) on input line 70.
LaTeX Encoding Info:    Redeclaring text symbol \textascendercompwordmark (encoding TS1) on input line 71.
LaTeX Encoding Info:    Redeclaring text symbol \textquotestraightbase (encoding TS1) on input line 72.
LaTeX Encoding Info:    Redeclaring text symbol \textquotestraightdblbase (encoding TS1) on input line 73.
LaTeX Encoding Info:    Redeclaring text symbol \texttwelveudash (encoding TS1) on input line 74.
LaTeX Encoding Info:    Redeclaring text symbol \textthreequartersemdash (encoding TS1) on input line 75.
LaTeX Encoding Info:    Redeclaring text symbol \textleftarrow (encoding TS1) on input line 76.
LaTeX Encoding Info:    Redeclaring text symbol \textrightarrow (encoding TS1) on input line 77.
LaTeX Encoding Info:    Redeclaring text symbol \textblank (encoding TS1) on input line 78.
LaTeX Encoding Info:    Redeclaring text symbol \textdollar (encoding TS1) on input line 79.
LaTeX Encoding Info:    Redeclaring text symbol \textquotesingle (encoding TS1) on input line 80.
LaTeX Encoding Info:    Redeclaring text command \textasteriskcentered (encoding TS1) on input line 81.
LaTeX Encoding Info:    Redeclaring text symbol \textdblhyphen (encoding TS1) on input line 92.
LaTeX Encoding Info:    Redeclaring text symbol \textfractionsolidus (encoding TS1) on input line 93.
LaTeX Encoding Info:    Redeclaring text symbol \textzerooldstyle (encoding TS1) on input line 94.
LaTeX Encoding Info:    Redeclaring text symbol \textoneoldstyle (encoding TS1) on input line 95.
LaTeX Encoding Info:    Redeclaring text symbol \texttwooldstyle (encoding TS1) on input line 96.
LaTeX Encoding Info:    Redeclaring text symbol \textthreeoldstyle (encoding TS1) on input line 97.
LaTeX Encoding Info:    Redeclaring text symbol \textfouroldstyle (encoding TS1) on input line 98.
LaTeX Encoding Info:    Redeclaring text symbol \textfiveoldstyle (encoding TS1) on input line 99.
LaTeX Encoding Info:    Redeclaring text symbol \textsixoldstyle (encoding TS1) on input line 100.
LaTeX Encoding Info:    Redeclaring text symbol \textsevenoldstyle (encoding TS1) on input line 101.
LaTeX Encoding Info:    Redeclaring text symbol \texteightoldstyle (encoding TS1) on input line 102.
LaTeX Encoding Info:    Redeclaring text symbol \textnineoldstyle (encoding TS1) on input line 103.
LaTeX Encoding Info:    Redeclaring text symbol \textlangle (encoding TS1) on input line 104.
LaTeX Encoding Info:    Redeclaring text symbol \textminus (encoding TS1) on input line 105.
LaTeX Encoding Info:    Redeclaring text symbol \textrangle (encoding TS1) on input line 106.
LaTeX Encoding Info:    Redeclaring text symbol \textmho (encoding TS1) on input line 107.
LaTeX Encoding Info:    Redeclaring text symbol \textbigcircle (encoding TS1) on input line 108.
LaTeX Encoding Info:    Redeclaring text command \textcircled (encoding TS1) on input line 109.
LaTeX Encoding Info:    Redeclaring text symbol \textohm (encoding TS1) on input line 115.
LaTeX Encoding Info:    Redeclaring text symbol \textlbrackdbl (encoding TS1) on input line 116.
LaTeX Encoding Info:    Redeclaring text symbol \textrbrackdbl (encoding TS1) on input line 117.
LaTeX Encoding Info:    Redeclaring text symbol \textuparrow (encoding TS1) on input line 118.
LaTeX Encoding Info:    Redeclaring text symbol \textdownarrow (encoding TS1) on input line 119.
LaTeX Encoding Info:    Redeclaring text symbol \textasciigrave (encoding TS1) on input line 120.
LaTeX Encoding Info:    Redeclaring text symbol \textborn (encoding TS1) on input line 121.
LaTeX Encoding Info:    Redeclaring text symbol \textdivorced (encoding TS1) on input line 122.
LaTeX Encoding Info:    Redeclaring text symbol \textdied (encoding TS1) on input line 123.
LaTeX Encoding Info:    Redeclaring text symbol \textleaf (encoding TS1) on input line 124.
LaTeX Encoding Info:    Redeclaring text symbol \textmarried (encoding TS1) on input line 125.
LaTeX Encoding Info:    Redeclaring text symbol \textmusicalnote (encoding TS1) on input line 126.
LaTeX Encoding Info:    Redeclaring text symbol \texttildelow (encoding TS1) on input line 127.
LaTeX Encoding Info:    Redeclaring text symbol \textdblhyphenchar (encoding TS1) on input line 128.
LaTeX Encoding Info:    Redeclaring text symbol \textasciibreve (encoding TS1) on input line 129.
LaTeX Encoding Info:    Redeclaring text symbol \textasciicaron (encoding TS1) on input line 130.
LaTeX Encoding Info:    Redeclaring text symbol \textacutedbl (encoding TS1) on input line 131.
LaTeX Encoding Info:    Redeclaring text symbol \textgravedbl (encoding TS1) on input line 132.
LaTeX Encoding Info:    Redeclaring text symbol \textdagger (encoding TS1) on input line 133.
LaTeX Encoding Info:    Redeclaring text symbol \textdaggerdbl (encoding TS1) on input line 134.
LaTeX Encoding Info:    Redeclaring text symbol \textbardbl (encoding TS1) on input line 135.
LaTeX Encoding Info:    Redeclaring text symbol \textperthousand (encoding TS1) on input line 136.
LaTeX Encoding Info:    Redeclaring text symbol \textbullet (encoding TS1) on input line 137.
LaTeX Encoding Info:    Redeclaring text symbol \textcelsius (encoding TS1) on input line 138.
LaTeX Encoding Info:    Redeclaring text symbol \textdollaroldstyle (encoding TS1) on input line 139.
LaTeX Encoding Info:    Redeclaring text symbol \textcentoldstyle (encoding TS1) on input line 140.
LaTeX Encoding Info:    Redeclaring text symbol \textflorin (encoding TS1) on input line 141.
LaTeX Encoding Info:    Redeclaring text symbol \textcolonmonetary (encoding TS1) on input line 142.
LaTeX Encoding Info:    Redeclaring text symbol \textwon (encoding TS1) on input line 143.
LaTeX Encoding Info:    Redeclaring text symbol \textnaira (encoding TS1) on input line 144.
LaTeX Encoding Info:    Redeclaring text symbol \textguarani (encoding TS1) on input line 145.
LaTeX Encoding Info:    Redeclaring text symbol \textpeso (encoding TS1) on input line 146.
LaTeX Encoding Info:    Redeclaring text symbol \textlira (encoding TS1) on input line 147.
LaTeX Encoding Info:    Redeclaring text symbol \textrecipe (encoding TS1) on input line 148.
LaTeX Encoding Info:    Redeclaring text symbol \textinterrobang (encoding TS1) on input line 149.
LaTeX Encoding Info:    Redeclaring text symbol \textinterrobangdown (encoding TS1) on input line 150.
LaTeX Encoding Info:    Redeclaring text symbol \textdong (encoding TS1) on input line 151.
LaTeX Encoding Info:    Redeclaring text symbol \texttrademark (encoding TS1) on input line 152.
LaTeX Encoding Info:    Redeclaring text symbol \textpertenthousand (encoding TS1) on input line 153.
LaTeX Encoding Info:    Redeclaring text symbol \textpilcrow (encoding TS1) on input line 154.
LaTeX Encoding Info:    Redeclaring text symbol \textbaht (encoding TS1) on input line 155.
LaTeX Encoding Info:    Redeclaring text symbol \textnumero (encoding TS1) on input line 156.
LaTeX Encoding Info:    Redeclaring text symbol \textdiscount (encoding TS1) on input line 157.
LaTeX Encoding Info:    Redeclaring text symbol \textestimated (encoding TS1) on input line 158.
LaTeX Encoding Info:    Redeclaring text symbol \textopenbullet (encoding TS1) on input line 159.
LaTeX Encoding Info:    Redeclaring text symbol \textservicemark (encoding TS1) on input line 160.
LaTeX Encoding Info:    Redeclaring text symbol \textlquill (encoding TS1) on input line 161.
LaTeX Encoding Info:    Redeclaring text symbol \textrquill (encoding TS1) on input line 162.
LaTeX Encoding Info:    Redeclaring text symbol \textcent (encoding TS1) on input line 163.
LaTeX Encoding Info:    Redeclaring text symbol \textsterling (encoding TS1) on input line 164.
LaTeX Encoding Info:    Redeclaring text symbol \textcurrency (encoding TS1) on input line 165.
LaTeX Encoding Info:    Redeclaring text symbol \textyen (encoding TS1) on input line 166.
LaTeX Encoding Info:    Redeclaring text symbol \textbrokenbar (encoding TS1) on input line 167.
LaTeX Encoding Info:    Redeclaring text symbol \textsection (encoding TS1) on input line 168.
LaTeX Encoding Info:    Redeclaring text symbol \textasciidieresis (encoding TS1) on input line 169.
LaTeX Encoding Info:    Redeclaring text symbol \textcopyright (encoding TS1) on input line 170.
LaTeX Encoding Info:    Redeclaring text symbol \textordfeminine (encoding TS1) on input line 171.
LaTeX Encoding Info:    Redeclaring text symbol \textcopyleft (encoding TS1) on input line 172.
LaTeX Encoding Info:    Redeclaring text symbol \textlnot (encoding TS1) on input line 173.
LaTeX Encoding Info:    Redeclaring text symbol \textcircledP (encoding TS1) on input line 174.
LaTeX Encoding Info:    Redeclaring text symbol \textregistered (encoding TS1) on input line 175.
LaTeX Encoding Info:    Redeclaring text symbol \textasciimacron (encoding TS1) on input line 176.
LaTeX Encoding Info:    Redeclaring text symbol \textdegree (encoding TS1) on input line 177.
LaTeX Encoding Info:    Redeclaring text symbol \textpm (encoding TS1) on input line 178.
LaTeX Encoding Info:    Redeclaring text symbol \texttwosuperior (encoding TS1) on input line 179.
LaTeX Encoding Info:    Redeclaring text symbol \textthreesuperior (encoding TS1) on input line 180.
LaTeX Encoding Info:    Redeclaring text symbol \textasciiacute (encoding TS1) on input line 181.
LaTeX Encoding Info:    Redeclaring text symbol \textmu (encoding TS1) on input line 182.
LaTeX Encoding Info:    Redeclaring text symbol \textparagraph (encoding TS1) on input line 183.
LaTeX Encoding Info:    Redeclaring text symbol \textperiodcentered (encoding TS1) on input line 184.
LaTeX Encoding Info:    Redeclaring text symbol \textreferencemark (encoding TS1) on input line 185.
LaTeX Encoding Info:    Redeclaring text symbol \textonesuperior (encoding TS1) on input line 186.
LaTeX Encoding Info:    Redeclaring text symbol \textordmasculine (encoding TS1) on input line 187.
LaTeX Encoding Info:    Redeclaring text symbol \textsurd (encoding TS1) on input line 188.
LaTeX Encoding Info:    Redeclaring text symbol \textonequarter (encoding TS1) on input line 189.
LaTeX Encoding Info:    Redeclaring text symbol \textonehalf (encoding TS1) on input line 190.
LaTeX Encoding Info:    Redeclaring text symbol \textthreequarters (encoding TS1) on input line 191.
LaTeX Encoding Info:    Redeclaring text symbol \texteuro (encoding TS1) on input line 192.
LaTeX Encoding Info:    Redeclaring text symbol \texttimes (encoding TS1) on input line 193.
LaTeX Encoding Info:    Redeclaring text symbol \textdiv (encoding TS1) on input line 194.
)) (C:\Users\valer\AppData\Local\Programs\MiKTeX\tex/latex/tools\tabularx.sty
Package: tabularx 2023/12/11 v2.12a `tabularx' package (DPC)
 (C:\Users\valer\AppData\Local\Programs\MiKTeX\tex/latex/tools\array.sty
Package: array 2025/06/08 v2.6j Tabular extension package (FMi)
\col@sep=\dimen333
\ar@mcellbox=\box121
\extrarowheight=\dimen334
\NC@list=\toks52
\extratabsurround=\skip65
\backup@length=\skip66
\ar@cellbox=\box122
)
\TX@col@width=\dimen335
\TX@old@table=\dimen336
\TX@old@col=\dimen337
\TX@target=\dimen338
\TX@delta=\dimen339
\TX@cols=\count353
\TX@ftn=\toks53
) (C:\Users\valer\AppData\Local\Programs\MiKTeX\tex/latex/tools\longtable.sty
Package: longtable 2024-12-18 v4.23 Multi-page Table package (DPC)
\LTleft=\skip67
\LTright=\skip68
\LTpre=\skip69
\LTpost=\skip70
\LTchunksize=\count354
\LTcapwidth=\dimen340
\LT@head=\box123
\LT@firsthead=\box124
\LT@foot=\box125
\LT@lastfoot=\box126
\LT@gbox=\box127
\LT@cols=\count355
\LT@rows=\count356
\c@LT@tables=\count357
\c@LT@chunks=\count358
\LT@p@ftn=\toks54
) (C:\Users\valer\AppData\Local\Programs\MiKTeX\tex/latex/colortbl\colortbl.sty
Package: colortbl 2026/05/01 v1.0l Color table columns (DPC)
\everycr=\toks55
\minrowclearance=\skip71
\rownum=\count359
) (C:\Users\valer\AppData\Local\Programs\MiKTeX\tex/latex/algorithms\algorithm.sty
Package: algorithm 2009/08/24 v0.1 Document Style `algorithm' - floating environment
 (C:\Users\valer\AppData\Local\Programs\MiKTeX\tex/latex/base\ifthen.sty
Package: ifthen 2024/03/16 v1.1e Standard LaTeX ifthen package (DPC)
)
\@float@every@algorithm=\toks56
\c@algorithm=\count360
) (C:\Users\valer\AppData\Local\Programs\MiKTeX\tex/latex/algorithms\algorithmic.sty
Package: algorithmic 2009/08/24 v0.1 Document Style `algorithmic'
\c@ALC@unique=\count361
\c@ALC@line=\count362
\c@ALC@rem=\count363
\c@ALC@depth=\count364
\ALC@tlm=\skip72
\algorithmicindent=\skip73
) (C:\Users\valer\AppData\Local\Programs\MiKTeX\tex/latex/hyperref\hyperref.sty
Package: hyperref 2025-07-12 v7.01o Hypertext links for LaTeX
 (C:\Users\valer\AppData\Local\Programs\MiKTeX\tex/generic/kvdefinekeys\kvdefinekeys.sty
Package: kvdefinekeys 2019-12-19 v1.6 Define keys (HO)
) (C:\Users\valer\AppData\Local\Programs\MiKTeX\tex/generic/pdfescape\pdfescape.sty
Package: pdfescape 2019/12/09 v1.15 Implements pdfTeX's escape features (HO)
) (C:\Users\valer\AppData\Local\Programs\MiKTeX\tex/latex/hycolor\hycolor.sty
Package: hycolor 2020-01-27 v1.10 Color options for hyperref/bookmark (HO)
) (C:\Users\valer\AppData\Local\Programs\MiKTeX\tex/latex/hyperref\nameref.sty
Package: nameref 2025-06-21 v2.57 Cross-referencing by name of section
 (C:\Users\valer\AppData\Local\Programs\MiKTeX\tex/latex/refcount\refcount.sty
Package: refcount 2019/12/15 v3.6 Data extraction from label references (HO)
) (C:\Users\valer\AppData\Local\Programs\MiKTeX\tex/generic/gettitlestring\gettitlestring.sty
Package: gettitlestring 2019/12/15 v1.6 Cleanup title references (HO)
)
\c@section@level=\count365
) (C:\Users\valer\AppData\Local\Programs\MiKTeX\tex/generic/stringenc\stringenc.sty
Package: stringenc 2019/11/29 v1.12 Convert strings between diff. encodings (HO)
)
\@linkdim=\dimen341
\Hy@linkcounter=\count366
\Hy@pagecounter=\count367
 (C:\Users\valer\AppData\Local\Programs\MiKTeX\tex/latex/hyperref\pd1enc.def
File: pd1enc.def 2025-07-12 v7.01o Hyperref: PDFDocEncoding definition (HO)
Now handling font encoding PD1 ...
... no UTF-8 mapping file for font encoding PD1
) (C:\Users\valer\AppData\Local\Programs\MiKTeX\tex/generic/intcalc\intcalc.sty
Package: intcalc 2019/12/15 v1.3 Expandable calculations with integers (HO)
)
\Hy@SavedSpaceFactor=\count368
 (C:\Users\valer\AppData\Local\Programs\MiKTeX\tex/latex/hyperref\puenc.def
File: puenc.def 2025-07-12 v7.01o Hyperref: PDF Unicode definition (HO)
Now handling font encoding PU ...
... no UTF-8 mapping file for font encoding PU
)
Package hyperref Info: Option `colorlinks' set `true' on input line 4066.
Package hyperref Info: Hyper figures OFF on input line 4195.
Package hyperref Info: Link nesting OFF on input line 4200.
Package hyperref Info: Hyper index ON on input line 4203.
Package hyperref Info: Plain pages OFF on input line 4210.
Package hyperref Info: Backreferencing OFF on input line 4215.
Package hyperref Info: Implicit mode ON; LaTeX internals redefined.
Package hyperref Info: Bookmarks ON on input line 4462.
\c@Hy@tempcnt=\count369
 (C:\Users\valer\AppData\Local\Programs\MiKTeX\tex/latex/url\url.sty
\Urlmuskip=\muskip18
Package: url 2013/09/16  ver 3.4  Verb mode for urls, etc.
)
LaTeX Info: Redefining \url on input line 4801.
\XeTeXLinkMargin=\dimen342
 (C:\Users\valer\AppData\Local\Programs\MiKTeX\tex/generic/bitset\bitset.sty
Package: bitset 2019/12/09 v1.3 Handle bit-vector datatype (HO)
 (C:\Users\valer\AppData\Local\Programs\MiKTeX\tex/generic/bigintcalc\bigintcalc.sty
Package: bigintcalc 2019/12/15 v1.5 Expandable calculations on big integers (HO)
))
\Fld@menulength=\count370
\Field@Width=\dimen343
\Fld@charsize=\dimen344
Package hyperref Info: Hyper figures OFF on input line 6078.
Package hyperref Info: Link nesting OFF on input line 6083.
Package hyperref Info: Hyper index ON on input line 6086.
Package hyperref Info: backreferencing OFF on input line 6093.
Package hyperref Info: Link coloring ON on input line 6096.
Package hyperref Info: Link coloring with OCG OFF on input line 6103.
Package hyperref Info: PDF/A mode OFF on input line 6108.
\Hy@abspage=\count371
\c@Item=\count372
\c@Hfootnote=\count373
)
Package hyperref Info: Driver (autodetected): hpdftex.
 (C:\Users\valer\AppData\Local\Programs\MiKTeX\tex/latex/hyperref\hpdftex.def
File: hpdftex.def 2025-07-12 v7.01o Hyperref driver for pdfTeX
\Fld@listcount=\count374
\c@bookmark@seq@number=\count375
 (C:\Users\valer\AppData\Local\Programs\MiKTeX\tex/latex/rerunfilecheck\rerunfilecheck.sty
Package: rerunfilecheck 2025-06-21 v1.11 Rerun checks for auxiliary files (HO)
 (C:\Users\valer\AppData\Local\Programs\MiKTeX\tex/generic/uniquecounter\uniquecounter.sty
Package: uniquecounter 2019/12/15 v1.4 Provide unlimited unique counter (HO)
)
Package uniquecounter Info: New unique counter `rerunfilecheck' on input line 284.
)
\Hy@SectionHShift=\skip74
) (C:\Users\valer\AppData\Local\Programs\MiKTeX\tex/latex/cleveref\cleveref.sty
Package: cleveref 2018/03/27 v0.21.4 Intelligent cross-referencing
Package cleveref Info: `hyperref' support loaded on input line 2370.
LaTeX Info: Redefining \cref on input line 2370.
LaTeX Info: Redefining \Cref on input line 2370.
LaTeX Info: Redefining \crefrange on input line 2370.
LaTeX Info: Redefining \Crefrange on input line 2370.
LaTeX Info: Redefining \cpageref on input line 2370.
LaTeX Info: Redefining \Cpageref on input line 2370.
LaTeX Info: Redefining \cpagerefrange on input line 2370.
LaTeX Info: Redefining \Cpagerefrange on input line 2370.
LaTeX Info: Redefining \labelcref on input line 2370.
LaTeX Info: Redefining \labelcpageref on input line 2370.
Package cleveref Info: `amsthm' support loaded on input line 3026.
)
==> First Aid for cleveref.sty applied!
(C:\Users\valer\AppData\Local\Programs\MiKTeX\tex/latex/natbib\natbib.sty
Package: natbib 2010/09/13 8.31b (PWD, AO)
\bibhang=\skip75
\bibsep=\skip76
LaTeX Info: Redefining \cite on input line 694.
\c@NAT@ctr=\count376
) (C:\Users\valer\AppData\Local\Programs\MiKTeX\tex/latex/pdfpages\pdfpages.sty
Package: pdfpages 2026/03/30 v0.6h Insert pages of external PDF documents (AM)
\AM@pagewidth=\dimen345
\AM@pageheight=\dimen346
\AM@fboxrule=\dimen347
 (C:\Users\valer\AppData\Local\Programs\MiKTeX\tex/latex/pdfpages\pppdftex.def
File: pppdftex.def 2026/03/30 v0.6h Pdfpages driver for pdfTeX (AM)
)
\pdfpages@includegraphics@status=\count377
\AM@pagebox=\box128
\AM@global@opts=\toks57
\AM@pagecnt=\count378
\AM@toc@title=\toks58
\AM@lof@heading=\toks59
\c@AM@survey=\count379
\AM@templatesizebox=\box129
) (C:\Users\valer\AppData\Local\Programs\MiKTeX\tex/latex/tools\afterpage.sty
Package: afterpage 2023/07/04 v1.08 After-Page Package (DPC)
\AP@output=\toks60
\AP@partial=\box130
\AP@footins=\box131
) (C:\Users\valer\AppData\Local\Programs\MiKTeX\tex/latex/lipsum\lipsum.sty (C:\Users\valer\AppData\Local\Programs\MiKTeX\tex/latex/l3packages/l3keys2e\l3keys2e.sty (C:\Users\valer\AppData\Local\Programs\MiKTeX\tex/latex/l3kernel\expl3.sty
Package: expl3 2025-09-02 L3 programming layer (loader) 
 (C:\Users\valer\AppData\Local\Programs\MiKTeX\tex/latex/l3backend\l3backend-pdftex.def
File: l3backend-pdftex.def 2025-06-09 L3 backend support: PDF output (pdfTeX)
\l__color_backend_stack_int=\count380
))
Package: l3keys2e 2024-08-16 LaTeX2e option processing using LaTeX3 keys
)
Package: lipsum 2021-09-20 v2.7 150 paragraphs of Lorem Ipsum dummy text
\g__lipsum_par_int=\count381
\l__lipsum_a_int=\count382
\l__lipsum_b_int=\count383
 (C:\Users\valer\AppData\Local\Programs\MiKTeX\tex/latex/lipsum\lipsum.ltd.tex)) (C:\Users\valer\AppData\Local\Programs\MiKTeX\tex/latex/fancyhdr\fancyhdr.sty
Package: fancyhdr 2025/02/07 v5.2 Extensive control of page headers and footers
\f@nch@headwidth=\skip77
\f@nch@offset@elh=\skip78
\f@nch@offset@erh=\skip79
\f@nch@offset@olh=\skip80
\f@nch@offset@orh=\skip81
\f@nch@offset@elf=\skip82
\f@nch@offset@erf=\skip83
\f@nch@offset@olf=\skip84
\f@nch@offset@orf=\skip85
\f@nch@height=\skip86
\f@nch@footalignment=\skip87
\f@nch@widthL=\skip88
\f@nch@widthC=\skip89
\f@nch@widthR=\skip90
\@temptokenb=\toks61
) (C:\Users\valer\AppData\Local\Programs\MiKTeX\tex/latex/fancyvrb\fancyvrb.sty
Package: fancyvrb 2026/04/16 4.6a verbatim text (tvz,hv)
\FV@CodeLineNo=\count384
\FV@InFile=\read4
\FV@TabBox=\box132
\c@FancyVerbLine=\count385
\FV@StepNumber=\count386
\FV@OutFile=\write4
) (C:\Users\valer\AppData\Local\Programs\MiKTeX\tex/latex/glossaries/base\glossaries.sty
Package: glossaries 2026/04/21 v5.1 (NLCT)
 (C:\Users\valer\AppData\Local\Programs\MiKTeX\tex/latex/mfirstuc\mfirstuc.sty
Package: mfirstuc 2025/04/03 v2.09 (NLCT)
\@glsmfirst=\toks62
\@glsmrest=\toks63
) (C:\Users\valer\AppData\Local\Programs\MiKTeX\tex/latex/xfor\xfor.sty
Package: xfor 2009/02/05 v1.05 (NLCT)
) (C:\Users\valer\AppData\Local\Programs\MiKTeX\tex/latex/tracklang\tracklang.sty
Package: tracklang 2026/05/24 v1.6.8 (NLCT) Track Languages
 (C:\Users\valer\AppData\Local\Programs\MiKTeX\tex/generic/tracklang\tracklang.tex)
Package tracklang Info: Tracking dialect `english' (language `english') on input line 264.
Package tracklang Info: Tracking dialect `english' (language `english') on input line 264.
) (C:\Users\valer\AppData\Local\Programs\MiKTeX\tex/latex/translator\translator.sty
Package: translator 2021-05-31 v1.12d Easy translation of strings in LaTeX
) (C:\Users\valer\AppData\Local\Programs\MiKTeX\tex/latex/glossaries-english\glossaries-english.ldf
File: glossaries-english.ldf 2014/11/23 v1.0
) (C:\Users\valer\AppData\Local\Programs\MiKTeX\tex/latex/datatool\datatool-base.sty
Package: datatool-base 2025/12/04 v3.4.3 (NLCT)
\l__datatool_tmpa_int=\count387
\l__datatool_tmpb_int=\count388
\l__datatool_tmpc_int=\count389
\l__datatool_tmpd_int=\count390
\l__datatool_count_int=\count391
\l__datatool_tmp_datatype_int=\count392
\l__datatool_tmpa_dim=\dimen348
\l__datatool_tmpb_dim=\dimen349
 (C:\Users\valer\AppData\Local\Programs\MiKTeX\tex/latex/datatool\datatool-l3fp.def
File: datatool-l3fp.def 2025/12/04 v3.4.3 (NLCT)
)
\@dtl@toks=\toks64
\@dtl@tmpcount=\count393
\dtl@tmplength=\skip91
\l__datatool_measure_box=\box133
\dtl@sortresult=\count394
 (C:\Users\valer\AppData\Local\Programs\MiKTeX\tex/latex/datatool\datatool-utf8.ldf
File: datatool-utf8.ldf 2025/12/04 v3.4.3 (NLCT)
)
\@dtl@datatype=\count395
\c_datatool_unknown_int=\count396
\l__datatool_year_int=\count397
\l__datatool_month_int=\count398
\l__datatool_day_int=\count399
\l__datatool_hour_int=\count400
\l__datatool_minute_int=\count401
\l__datatool_second_int=\count402
\l__datatool_tzhour_int=\count403
\l__datatool_tzminute_int=\count404
\l__datatool_julian_int=\count405
\l__datatool_local_julian_int=\count406
\l__datatool_prefix_int=\count407
\l__datatool_suffix_int=\count408
\@dtl@foreach@level=\count409


Package tracklang Warning: No `datatool' support for dialect `english'  on input line 9924.

\dtl@codeA=\count410
\dtl@codeB=\count411
)
\gls@level=\count412
\@gls@tmpb=\toks65
\gls@tmplen=\skip92
\l__glossaries_tmpa_dim=\dimen350
\l__glossaries_tmpb_dim=\dimen351
\glskeylisttok=\toks66
\glslabeltok=\toks67
\glsshorttok=\toks68
\glslongtok=\toks69
 (C:\Users\valer\AppData\Local\Programs\MiKTeX\tex/latex/glossaries/styles\glossary-hypernav.sty
Package: glossary-hypernav 2026/04/21 v5.1 (NLCT)
) (C:\Users\valer\AppData\Local\Programs\MiKTeX\tex/latex/glossaries/styles\glossary-list.sty
Package: glossary-list 2026/04/21 v5.1 (NLCT)
\glslistdottedwidth=\skip93
) (C:\Users\valer\AppData\Local\Programs\MiKTeX\tex/latex/glossaries/styles\glossary-long.sty
Package: glossary-long 2026/04/21 v5.1 (NLCT)
\glsdescwidth=\skip94
\glspagelistwidth=\skip95
) (C:\Users\valer\AppData\Local\Programs\MiKTeX\tex/latex/glossaries/styles\glossary-super.sty
Package: glossary-super 2026/04/21 v5.1 (NLCT)
 (C:\Users\valer\AppData\Local\Programs\MiKTeX\tex/latex/supertabular\supertabular.sty
Package: supertabular 2025/06/26 v4.2d the supertabular environment
\c@tracingst=\count413
\ST@wd=\dimen352
\ST@rightskip=\skip96
\ST@leftskip=\skip97
\ST@parfillskip=\skip98
\ST@pageleft=\dimen353
\ST@headht=\dimen354
\ST@tailht=\dimen355
\ST@pagesofar=\dimen356
\ST@pboxht=\dimen357
\ST@rowht=\dimen358
\ST@prevht=\dimen359
\ST@toadd=\dimen360
\ST@dimen=\dimen361
\ST@pbox=\box134
)) (C:\Users\valer\AppData\Local\Programs\MiKTeX\tex/latex/glossaries/styles\glossary-tree.sty
Package: glossary-tree 2026/04/21 v5.1 (NLCT)
\l__glossaries_tree_max_known_level_int=\count414
\l__glossaries_tree_offset_dim=\dimen362
\l__glossaries_tree_namewidth_dim=\dimen363
\l__glossaries_tree_symbolwidth_dim=\dimen364
\l__glossaries_tree_prenamesym_width_dim=\dimen365
\l__glossaries_tree_presubnamesym_width_dim=\dimen366
\l__glossaries_tree_namewidth_padding_dim=\dimen367
\l__glossaries_tree_symbolwidth_padding_dim=\dimen368
\l__glossaries_tree_namesymbolwidth_dim=\dimen369
\l__glossaries_tree_namesymbolwidth_padding_dim=\dimen370
\l__glossaries_tree_level_int=\count415
\glstreeindent=\skip99
)) (C:\Users\valer\AppData\Local\Programs\MiKTeX\tex/latex/enumitem\enumitem.sty
Package: enumitem 2025/02/06 v3.11 Customized lists
\labelindent=\skip100
\enit@outerparindent=\dimen371
\enit@toks=\toks70
\enit@inbox=\box135
\enit@count@id=\count416
\enitdp@description=\count417
) (Configuration_Files/config.tex
\c@theorem=\count418
\c@proposition=\count419
\c@definition=\count420
\c@algsubstate=\count421
) (Thesis_Acronyms.tex
\glswrite=\write5
\glo@main@file=\write6
\openout6 = `report.glo'.

Package glossaries Info: Writing glossary file report.glo on input line 1.
\glo@acronym@file=\write7
\openout7 = `report.acn'.

Package glossaries Info: Writing glossary file report.acn on input line 1.
) (report.aux)
\openout1 = `report.aux'.

LaTeX Font Info:    Checking defaults for OML/cmm/m/it on input line 117.
LaTeX Font Info:    ... okay on input line 117.
LaTeX Font Info:    Checking defaults for OMS/cmsy/m/n on input line 117.
LaTeX Font Info:    ... okay on input line 117.
LaTeX Font Info:    Checking defaults for OT1/cmr/m/n on input line 117.
LaTeX Font Info:    ... okay on input line 117.
LaTeX Font Info:    Checking defaults for T1/cmr/m/n on input line 117.
LaTeX Font Info:    ... okay on input line 117.
LaTeX Font Info:    Checking defaults for TS1/cmr/m/n on input line 117.
LaTeX Font Info:    ... okay on input line 117.
LaTeX Font Info:    Checking defaults for OMX/cmex/m/n on input line 117.
LaTeX Font Info:    ... okay on input line 117.
LaTeX Font Info:    Checking defaults for U/cmr/m/n on input line 117.
LaTeX Font Info:    ... okay on input line 117.
LaTeX Font Info:    Checking defaults for PD1/pdf/m/n on input line 117.
LaTeX Font Info:    ... okay on input line 117.
LaTeX Font Info:    Checking defaults for PU/pdf/m/n on input line 117.
LaTeX Font Info:    ... okay on input line 117.

*geometry* driver: auto-detecting
*geometry* detected driver: pdftex
*geometry* verbose mode - [ preamble ] result:
* driver: pdftex
* paper: a4paper
* layout: <same size as paper>
* layoutoffset:(h,v)=(0.0pt,0.0pt)
* modes: includehead twoside 
* h-part:(L,W,R)=(85.35826pt, 455.24411pt, 56.9055pt)
* v-part:(T,H,B)=(71.13188pt, 702.78308pt, 71.13188pt)
* \paperwidth=597.50787pt
* \paperheight=845.04684pt
* \textwidth=455.24411pt
* \textheight=665.83746pt
* \oddsidemargin=13.08827pt
* \evensidemargin=-15.36449pt
* \topmargin=-1.1381pt
* \headheight=17.07182pt
* \headsep=19.8738pt
* \topskip=12.0pt
* \footskip=30.0pt
* \marginparwidth=98.0pt
* \marginparsep=7.0pt
* \columnsep=15.0pt
* \skip\footins=10.8pt plus 4.0pt minus 2.0pt
* \hoffset=0.0pt
* \voffset=0.0pt
* \mag=1000
* \@twocolumnfalse
* \@twosidetrue
* \@mparswitchtrue
* \@reversemarginfalse
* (1in=72.27pt=25.4mm, 1cm=28.453pt)

Package caption Info: Begin \AtBeginDocument code.
Package caption Info: float package is loaded.
Package caption Info: hyperref package is loaded.
Package caption Info: longtable package is loaded.
(C:\Users\valer\AppData\Local\Programs\MiKTeX\tex/latex/caption\ltcaption.sty
Package: ltcaption 2021/01/08 v1.4c longtable captions (AR)
)
Package caption Info: supertabular package is loaded.
Package caption Info: End \AtBeginDocument code.
 (C:\Users\valer\AppData\Local\Programs\MiKTeX\tex/context/base/mkii\supp-pdf.mkii
[Loading MPS to PDF converter (version 2006.09.02).]
\scratchcounter=\count422
\scratchdimen=\dimen372
\scratchbox=\box136
\nofMPsegments=\count423
\nofMParguments=\count424
\everyMPshowfont=\toks71
\MPscratchCnt=\count425
\MPscratchDim=\dimen373
\MPnumerator=\count426
\makeMPintoPDFobject=\count427
\everyMPtoPDFconversion=\toks72
) (C:\Users\valer\AppData\Local\Programs\MiKTeX\tex/latex/epstopdf-pkg\epstopdf-base.sty
Package: epstopdf-base 2020-01-24 v2.11 Base part for package epstopdf
Package epstopdf-base Info: Redefining graphics rule for `.eps' on input line 485.
 (C:\Users\valer\AppData\Local\Programs\MiKTeX\tex/latex/00miktex\epstopdf-sys.cfg
File: epstopdf-sys.cfg 2021/03/18 v2.0 Configuration of epstopdf for MiKTeX
))
LaTeX Info: Redefining \[ on input line 117.
LaTeX Info: Redefining \] on input line 117.
Package hyperref Info: Link coloring ON on input line 117.
 (report.out) (report.out)
\@outlinefile=\write8
\openout8 = `report.out'.

 (C:\Users\valer\AppData\Local\Programs\MiKTeX\tex/latex/pdflscape\pdflscape.sty
Package: pdflscape 2022-10-27 v0.13 Display of landscape pages in PDF
 (C:\Users\valer\AppData\Local\Programs\MiKTeX\tex/latex/pdflscape\pdflscape-nometadata.sty
Package: pdflscape-nometadata 2022-10-28 v0.13 Display of landscape pages in PDF (HO)
 (C:\Users\valer\AppData\Local\Programs\MiKTeX\tex/latex/graphics\lscape.sty
Package: lscape 2020/05/28 v3.02 Landscape Pages (DPC)
)
Package pdflscape Info: Auto-detected driver: pdftex on input line 81.
))
Package epstopdf Info: Source file: <Images/02_ING_IND_INFORMAZIONE_COL_POSITIVO.eps>
(epstopdf)                    date: 2026-06-27 16:09:10
(epstopdf)                    size: 1016894 bytes
(epstopdf)             Output file: <Images/02_ING_IND_INFORMAZIONE_COL_POSITIVO-eps-converted-to.pdf>
(epstopdf)                    date: 2026-06-27 16:12:44
(epstopdf)                    size: 81939 bytes
(epstopdf)             Command: <miktex-epstopdf --outfile=Images/02_ING_IND_INFORMAZIONE_COL_POSITIVO-eps-converted-to.pdf Images/02_ING_IND_INFORMAZIONE_COL_POSITIVO.eps>
(epstopdf)             \includegraphics on input line 140.
Package epstopdf Info: Output file is already uptodate.
<Images/02_ING_IND_INFORMAZIONE_COL_POSITIVO-eps-converted-to.pdf, id=34, 493.845pt x 227.85126pt>
File: Images/02_ING_IND_INFORMAZIONE_COL_POSITIVO-eps-converted-to.pdf Graphic file (type pdf)
<use Images/02_ING_IND_INFORMAZIONE_COL_POSITIVO-eps-converted-to.pdf>
Package pdftex.def Info: Images/02_ING_IND_INFORMAZIONE_COL_POSITIVO-eps-converted-to.pdf  used on input line 140.
(pdftex.def)             Requested size: 302.73503pt x 150.052pt.
LaTeX Font Info:    Trying to load font information for U+msa on input line 140.
 (C:\Users\valer\AppData\Local\Programs\MiKTeX\tex/latex/amsfonts\umsa.fd
File: umsa.fd 2013/01/14 v3.01 AMS symbols A
)
LaTeX Font Info:    Trying to load font information for U+msb on input line 140.
 (C:\Users\valer\AppData\Local\Programs\MiKTeX\tex/latex/amsfonts\umsb.fd
File: umsb.fd 2013/01/14 v3.01 AMS symbols B
)

Package epstopdf Info: Source file: <./Images/./raggiera_polimi.eps>
(epstopdf)                    date: 2026-06-27 16:09:10
(epstopdf)                    size: 1813066 bytes
(epstopdf)             Output file: <./Images/./raggiera_polimi-eps-converted-to.pdf>
(epstopdf)                    date: 2026-06-27 16:12:46
(epstopdf)                    size: 40418 bytes
(epstopdf)             Command: <miktex-epstopdf --outfile=./Images/./raggiera_polimi-eps-converted-to.pdf ./Images/./raggiera_polimi.eps>
(epstopdf)             \includegraphics on input line 140.
Package epstopdf Info: Output file is already uptodate.
<./Images/./raggiera_polimi-eps-converted-to.pdf, id=36, 502.87875pt x 502.87875pt>
File: ./Images/./raggiera_polimi-eps-converted-to.pdf Graphic file (type pdf)
<use ./Images/./raggiera_polimi-eps-converted-to.pdf>
Package pdftex.def Info: ./Images/./raggiera_polimi-eps-converted-to.pdf  used on input line 140.
(pdftex.def)             Requested size: 418.25368pt x 418.24866pt.
[1

\openout5 = `report.ist'.



{C:/Users/valer/AppData/Local/MiKTeX/fonts/map/pdftex/pdftex.map} <./Images/./raggiera_polimi-eps-converted-to.pdf> <./Images/02_ING_IND_INFORMAZIONE_COL_POSITIVO-eps-converted-to.pdf>]

Package epstopdf Info: Source file: <./Images/./raggiera_polimi.eps>
(epstopdf)                    date: 2026-06-27 16:09:10
(epstopdf)                    size: 1813066 bytes
(epstopdf)             Output file: <./Images/./raggiera_polimi-eps-converted-to.pdf>
(epstopdf)                    date: 2026-06-27 16:12:46
(epstopdf)                    size: 40418 bytes
(epstopdf)             Command: <miktex-epstopdf --outfile=./Images/./raggiera_polimi-eps-converted-to.pdf ./Images/./raggiera_polimi.eps>
(epstopdf)             \includegraphics on input line 146.
Package epstopdf Info: Output file is already uptodate.
File: ./Images/./raggiera_polimi-eps-converted-to.pdf Graphic file (type pdf)
<use ./Images/./raggiera_polimi-eps-converted-to.pdf>
Package pdftex.def Info: ./Images/./raggiera_polimi-eps-converted-to.pdf  used on input line 146.
(pdftex.def)             Requested size: 507.88533pt x 507.88051pt.
[2

]
Underfull \hbox (badness 10000) in paragraph at lines 151--155

 []




pdfTeX warning (ext4): destination with the same identifier (name{page.i}) has been already used, duplicate ignored
<to be read again> 
                   \relax 
l.157 \chapter*{Abstract in lingua italiana}
                                             [1


]


pdfTeX warning (ext4): destination with the same identifier (name{page.ii}) has been already used, duplicate ignored
<to be read again> 
                   \relax 
l.157 \chapter*{Abstract in lingua italiana}
                                            
Package epstopdf Info: Source file: <./Images/./raggiera_polimi.eps>
(epstopdf)                    date: 2026-06-27 16:09:10
(epstopdf)                    size: 1813066 bytes
(epstopdf)             Output file: <./Images/./raggiera_polimi-eps-converted-to.pdf>
(epstopdf)                    date: 2026-06-27 16:12:46
(epstopdf)                    size: 40418 bytes
(epstopdf)             Command: <miktex-epstopdf --outfile=./Images/./raggiera_polimi-eps-converted-to.pdf ./Images/./raggiera_polimi.eps>
(epstopdf)             \includegraphics on input line 157.
Package epstopdf Info: Output file is already uptodate.
File: ./Images/./raggiera_polimi-eps-converted-to.pdf Graphic file (type pdf)
<use ./Images/./raggiera_polimi-eps-converted-to.pdf>
Package pdftex.def Info: ./Images/./raggiera_polimi-eps-converted-to.pdf  used on input line 157.
(pdftex.def)             Requested size: 507.88533pt x 507.88051pt.
 [2

]
Underfull \hbox (badness 10000) in paragraph at lines 158--162

 []



[3

]

Package epstopdf Info: Source file: <./Images/./raggiera_polimi.eps>
(epstopdf)                    date: 2026-06-27 16:09:10
(epstopdf)                    size: 1813066 bytes
(epstopdf)             Output file: <./Images/./raggiera_polimi-eps-converted-to.pdf>
(epstopdf)                    date: 2026-06-27 16:12:46
(epstopdf)                    size: 40418 bytes
(epstopdf)             Command: <miktex-epstopdf --outfile=./Images/./raggiera_polimi-eps-converted-to.pdf ./Images/./raggiera_polimi.eps>
(epstopdf)             \includegraphics on input line 169.
Package epstopdf Info: Output file is already uptodate.
File: ./Images/./raggiera_polimi-eps-converted-to.pdf Graphic file (type pdf)
<use ./Images/./raggiera_polimi-eps-converted-to.pdf>
Package pdftex.def Info: ./Images/./raggiera_polimi-eps-converted-to.pdf  used on input line 169.
(pdftex.def)             Requested size: 507.88533pt x 507.88051pt.
[4

] (report.toc)
\tf@toc=\write9
\openout9 = `report.toc'.



[5

]

Package epstopdf Info: Source file: <./Images/./raggiera_polimi.eps>
(epstopdf)                    date: 2026-06-27 16:09:10
(epstopdf)                    size: 1813066 bytes
(epstopdf)             Output file: <./Images/./raggiera_polimi-eps-converted-to.pdf>
(epstopdf)                    date: 2026-06-27 16:12:46
(epstopdf)                    size: 40418 bytes
(epstopdf)             Command: <miktex-epstopdf --outfile=./Images/./raggiera_polimi-eps-converted-to.pdf ./Images/./raggiera_polimi.eps>
(epstopdf)             \includegraphics on input line 171.
Package epstopdf Info: Output file is already uptodate.
File: ./Images/./raggiera_polimi-eps-converted-to.pdf Graphic file (type pdf)
<use ./Images/./raggiera_polimi-eps-converted-to.pdf>
Package pdftex.def Info: ./Images/./raggiera_polimi-eps-converted-to.pdf  used on input line 171.
(pdftex.def)             Requested size: 507.88533pt x 507.88051pt.
[6

] (report.bbl

Package natbib Warning: Empty `thebibliography' environment on input line 8.

)

[1



]

Package epstopdf Info: Source file: <./Images/./raggiera_polimi.eps>
(epstopdf)                    date: 2026-06-27 16:09:10
(epstopdf)                    size: 1813066 bytes
(epstopdf)             Output file: <./Images/./raggiera_polimi-eps-converted-to.pdf>
(epstopdf)                    date: 2026-06-27 16:12:46
(epstopdf)                    size: 40418 bytes
(epstopdf)             Command: <miktex-epstopdf --outfile=./Images/./raggiera_polimi-eps-converted-to.pdf ./Images/./raggiera_polimi.eps>
(epstopdf)             \includegraphics on input line 206.
Package epstopdf Info: Output file is already uptodate.
File: ./Images/./raggiera_polimi-eps-converted-to.pdf Graphic file (type pdf)
<use ./Images/./raggiera_polimi-eps-converted-to.pdf>
Package pdftex.def Info: ./Images/./raggiera_polimi-eps-converted-to.pdf  used on input line 206.
(pdftex.def)             Requested size: 507.88533pt x 507.88051pt.
[2

]
No file report.acr.


[3]

Package epstopdf Info: Source file: <./Images/./raggiera_polimi.eps>
(epstopdf)                    date: 2026-06-27 16:09:10
(epstopdf)                    size: 1813066 bytes
(epstopdf)             Output file: <./Images/./raggiera_polimi-eps-converted-to.pdf>
(epstopdf)                    date: 2026-06-27 16:12:46
(epstopdf)                    size: 40418 bytes
(epstopdf)             Command: <miktex-epstopdf --outfile=./Images/./raggiera_polimi-eps-converted-to.pdf ./Images/./raggiera_polimi.eps>
(epstopdf)             \includegraphics on input line 219.
Package epstopdf Info: Output file is already uptodate.
File: ./Images/./raggiera_polimi-eps-converted-to.pdf Graphic file (type pdf)
<use ./Images/./raggiera_polimi-eps-converted-to.pdf>
Package pdftex.def Info: ./Images/./raggiera_polimi-eps-converted-to.pdf  used on input line 219.
(pdftex.def)             Requested size: 507.88533pt x 507.88051pt.
[4

] (report.lof)
\tf@lof=\write10
\openout10 = `report.lof'.



[5

]

Package epstopdf Info: Source file: <./Images/./raggiera_polimi.eps>
(epstopdf)                    date: 2026-06-27 16:09:10
(epstopdf)                    size: 1813066 bytes
(epstopdf)             Output file: <./Images/./raggiera_polimi-eps-converted-to.pdf>
(epstopdf)                    date: 2026-06-27 16:12:46
(epstopdf)                    size: 40418 bytes
(epstopdf)             Command: <miktex-epstopdf --outfile=./Images/./raggiera_polimi-eps-converted-to.pdf ./Images/./raggiera_polimi.eps>
(epstopdf)             \includegraphics on input line 222.
Package epstopdf Info: Output file is already uptodate.
File: ./Images/./raggiera_polimi-eps-converted-to.pdf Graphic file (type pdf)
<use ./Images/./raggiera_polimi-eps-converted-to.pdf>
Package pdftex.def Info: ./Images/./raggiera_polimi-eps-converted-to.pdf  used on input line 222.
(pdftex.def)             Requested size: 507.88533pt x 507.88051pt.
[6

] (report.lot)
\tf@lot=\write11
\openout11 = `report.lot'.



[7

]

Package epstopdf Info: Source file: <./Images/./raggiera_polimi.eps>
(epstopdf)                    date: 2026-06-27 16:09:10
(epstopdf)                    size: 1813066 bytes
(epstopdf)             Output file: <./Images/./raggiera_polimi-eps-converted-to.pdf>
(epstopdf)                    date: 2026-06-27 16:12:46
(epstopdf)                    size: 40418 bytes
(epstopdf)             Command: <miktex-epstopdf --outfile=./Images/./raggiera_polimi-eps-converted-to.pdf ./Images/./raggiera_polimi.eps>
(epstopdf)             \includegraphics on input line 237.
Package epstopdf Info: Output file is already uptodate.
File: ./Images/./raggiera_polimi-eps-converted-to.pdf Graphic file (type pdf)
<use ./Images/./raggiera_polimi-eps-converted-to.pdf>
Package pdftex.def Info: ./Images/./raggiera_polimi-eps-converted-to.pdf  used on input line 237.
(pdftex.def)             Requested size: 507.88533pt x 507.88051pt.
[8

]

[9

]

Package epstopdf Info: Source file: <./Images/./raggiera_polimi.eps>
(epstopdf)                    date: 2026-06-27 16:09:10
(epstopdf)                    size: 1813066 bytes
(epstopdf)             Output file: <./Images/./raggiera_polimi-eps-converted-to.pdf>
(epstopdf)                    date: 2026-06-27 16:12:46
(epstopdf)                    size: 40418 bytes
(epstopdf)             Command: <miktex-epstopdf --outfile=./Images/./raggiera_polimi-eps-converted-to.pdf ./Images/./raggiera_polimi.eps>
(epstopdf)             \includegraphics on input line 240.
Package epstopdf Info: Output file is already uptodate.
File: ./Images/./raggiera_polimi-eps-converted-to.pdf Graphic file (type pdf)
<use ./Images/./raggiera_polimi-eps-converted-to.pdf>
Package pdftex.def Info: ./Images/./raggiera_polimi-eps-converted-to.pdf  used on input line 240.
(pdftex.def)             Requested size: 507.88533pt x 507.88051pt.
[10

] (report.aux)
 ***********
LaTeX2e <2025-06-01> patch level 1
L3 programming layer <2025-09-02>
 ***********
Package rerunfilecheck Info: File `report.out' has not changed.
(rerunfilecheck)             Checksum: FAC3E892CCB0C889CD6B3156005E4A2C;832.
 ) 
Here is how much of TeX's memory you used:
 39494 strings out of 468081
 784936 string characters out of 5425788
 1341847 words of memory out of 5000000
 67448 multiletter control sequences out of 15000+600000
 641988 words of font info for 76 fonts, out of 8000000 for 9000
 1141 hyphenation exceptions out of 8191
 94i,12n,93p,2593b,492s stack positions out of 10000i,1000n,20000p,200000b,200000s
 <C:\Users\valer\AppData\Local\MiKTeX\fonts/pk/ljfour/jknappen/ec/dpi600\ecbx1200.pk> <C:\Users\valer\AppData\Local\MiKTeX\fonts/pk/ljfour/jknappen/ec/dpi720\ecbx1200.pk> <C:\Users\valer\AppData\Local\MiKTeX\fonts/pk/ljfour/jknappen/ec/dpi600\ecrm1200.pk> <C:\Users\valer\AppData\Local\MiKTeX\fonts/pk/ljfour/jknappen/ec/dpi1244\ecbx1200.pk> <C:\Users\valer\AppData\Local\MiKTeX\fonts/pk/ljfour/jknappen/ec/dpi720\ecxc1200.pk>
Output written on report.pdf (18 pages, 195085 bytes).
PDF statistics:
 322 PDF objects out of 1000 (max. 8388607)
 31 named destinations out of 1000 (max. 500000)
 85 words of extra memory for PDF output out of 10000 (max. 10000000)

